<?xml version="1.0" encoding="UTF-8"?>
<testng-results ignored="1" total="7" passed="2" failed="4" skipped="0">
  <reporter-output>
  </reporter-output>
  <suite started-at="2023-05-15T18:13:55 IST" name="Suite" finished-at="2023-05-15T18:15:33 IST" duration-ms="97961">
    <groups>
      <group name="smoke">
        <method signature="LoginPageTest.validateLogin()[pri:0, instance:com.test.LoginPageTest@55141def]" name="validateLogin" class="com.test.LoginPageTest"/>
      </group> <!-- smoke -->
    </groups>
    <test started-at="2023-05-15T18:13:55 IST" name="ChromeTest" finished-at="2023-05-15T18:15:33 IST" duration-ms="97961">
      <class name="com.test.ProductPageTest">
        <test-method is-config="true" signature="prerun()[pri:0, instance:com.test.ProductPageTest@73a1e9a9]" started-at="2023-05-15T18:15:05 IST" name="prerun" finished-at="2023-05-15T18:15:10 IST" duration-ms="4690" status="PASS">
          <reporter-output>
          </reporter-output>
        </test-method> <!-- prerun -->
        <test-method signature="validateTheElementInAddProductPopup()[pri:1, instance:com.test.ProductPageTest@73a1e9a9]" started-at="2023-05-15T18:15:10 IST" name="validateTheElementInAddProductPopup" finished-at="2023-05-15T18:15:12 IST" duration-ms="1542" status="PASS">
          <reporter-output>
          </reporter-output>
        </test-method> <!-- validateTheElementInAddProductPopup -->
        <test-method is-config="true" signature="prerun()[pri:0, instance:com.test.ProductPageTest@73a1e9a9]" started-at="2023-05-15T18:15:12 IST" name="prerun" finished-at="2023-05-15T18:15:14 IST" duration-ms="2703" status="PASS">
          <reporter-output>
          </reporter-output>
        </test-method> <!-- prerun -->
        <test-method signature="validatenAddStoresPopUpfields()[pri:2, instance:com.test.ProductPageTest@73a1e9a9]" started-at="2023-05-15T18:15:14 IST" name="validatenAddStoresPopUpfields" finished-at="2023-05-15T18:15:19 IST" duration-ms="4374" status="FAIL">
          <exception class="java.lang.AssertionError">
            <message>
              <![CDATA[The following asserts failed:
failure message: no validation check for add Product attribute was found expected [111] but found [000203420342034],
failure message: no validation check for add Product attribute was found expected [maggi] but found [233nokianokianokia],
failure message: no validation check for add Product attribute was found expected [abc] but found [21],
failure message: no validation check for add Product attribute was found expected [abc] but found [233.000 abc1234569]]]>
            </message>
            <full-stacktrace>
              <![CDATA[java.lang.AssertionError: The following asserts failed:
failure message: no validation check for add Product attribute was found expected [111] but found [000203420342034],
failure message: no validation check for add Product attribute was found expected [maggi] but found [233nokianokianokia],
failure message: no validation check for add Product attribute was found expected [abc] but found [21],
failure message: no validation check for add Product attribute was found expected [abc] but found [233.000 abc1234569]
at org.testng.asserts.SoftAssert.assertAll(SoftAssert.java:46)
at org.testng.asserts.SoftAssert.assertAll(SoftAssert.java:30)
at com.test.ProductPageTest.validatenAddStoresPopUpfields(ProductPageTest.java:88)
at java.base/jdk.internal.reflect.NativeMethodAccessorImpl.invoke0(Native Method)
at java.base/jdk.internal.reflect.NativeMethodAccessorImpl.invoke(NativeMethodAccessorImpl.java:77)
at java.base/jdk.internal.reflect.DelegatingMethodAccessorImpl.invoke(DelegatingMethodAccessorImpl.java:43)
at java.base/java.lang.reflect.Method.invoke(Method.java:568)
at org.testng.internal.invokers.MethodInvocationHelper.invokeMethod(MethodInvocationHelper.java:139)
at org.testng.internal.invokers.TestInvoker.invokeMethod(TestInvoker.java:677)
at org.testng.internal.invokers.TestInvoker.invokeTestMethod(TestInvoker.java:221)
at org.testng.internal.invokers.MethodRunner.runInSequence(MethodRunner.java:50)
at org.testng.internal.invokers.TestInvoker$MethodInvocationAgent.invoke(TestInvoker.java:969)
at org.testng.internal.invokers.TestInvoker.invokeTestMethods(TestInvoker.java:194)
at org.testng.internal.invokers.TestMethodWorker.invokeTestMethods(TestMethodWorker.java:148)
at org.testng.internal.invokers.TestMethodWorker.run(TestMethodWorker.java:128)
at java.base/java.util.ArrayList.forEach(ArrayList.java:1511)
at org.testng.TestRunner.privateRun(TestRunner.java:829)
at org.testng.TestRunner.run(TestRunner.java:602)
at org.testng.SuiteRunner.runTest(SuiteRunner.java:437)
at org.testng.SuiteRunner.runSequentially(SuiteRunner.java:431)
at org.testng.SuiteRunner.privateRun(SuiteRunner.java:391)
at org.testng.SuiteRunner.run(SuiteRunner.java:330)
at org.testng.SuiteRunnerWorker.runSuite(SuiteRunnerWorker.java:52)
at org.testng.SuiteRunnerWorker.run(SuiteRunnerWorker.java:95)
at org.testng.TestNG.runSuitesSequentially(TestNG.java:1256)
at org.testng.TestNG.runSuitesLocally(TestNG.java:1176)
at org.testng.TestNG.runSuites(TestNG.java:1099)
at org.testng.TestNG.run(TestNG.java:1067)
at org.testng.remote.AbstractRemoteTestNG.run(AbstractRemoteTestNG.java:115)
at org.testng.remote.RemoteTestNG.initAndRun(RemoteTestNG.java:251)
at org.testng.remote.RemoteTestNG.main(RemoteTestNG.java:77)
]]>
            </full-stacktrace>
          </exception> <!-- java.lang.AssertionError -->
          <reporter-output>
          </reporter-output>
        </test-method> <!-- validatenAddStoresPopUpfields -->
        <test-method is-config="true" signature="prerun()[pri:0, instance:com.test.ProductPageTest@73a1e9a9]" started-at="2023-05-15T18:15:19 IST" name="prerun" finished-at="2023-05-15T18:15:20 IST" duration-ms="1181" status="PASS">
          <reporter-output>
          </reporter-output>
        </test-method> <!-- prerun -->
        <test-method signature="validateValueEntredInAddProductPopUpIsSaved()[pri:3, instance:com.test.ProductPageTest@73a1e9a9]" started-at="2023-05-15T18:15:20 IST" name="validateValueEntredInAddProductPopUpIsSaved" finished-at="2023-05-15T18:15:30 IST" duration-ms="10368" status="FAIL">
          <exception class="java.lang.IllegalStateException">
            <message>
              <![CDATA[Cannot get a STRING value from a NUMERIC cell]]>
            </message>
            <full-stacktrace>
              <![CDATA[java.lang.IllegalStateException: Cannot get a STRING value from a NUMERIC cell
at org.apache.poi.xssf.usermodel.XSSFCell.typeMismatch(XSSFCell.java:946)
at org.apache.poi.xssf.usermodel.XSSFCell.getRichStringCellValue(XSSFCell.java:336)
at org.apache.poi.xssf.usermodel.XSSFCell.getStringCellValue(XSSFCell.java:280)
at com.utils.ExcelUtils.readStringData(ExcelUtils.java:71)
at com.test.ProductPageTest.validateValueEntredInAddProductPopUpIsSaved(ProductPageTest.java:101)
at java.base/jdk.internal.reflect.NativeMethodAccessorImpl.invoke0(Native Method)
at java.base/jdk.internal.reflect.NativeMethodAccessorImpl.invoke(NativeMethodAccessorImpl.java:77)
at java.base/jdk.internal.reflect.DelegatingMethodAccessorImpl.invoke(DelegatingMethodAccessorImpl.java:43)
at java.base/java.lang.reflect.Method.invoke(Method.java:568)
at org.testng.internal.invokers.MethodInvocationHelper.invokeMethod(MethodInvocationHelper.java:139)
at org.testng.internal.invokers.TestInvoker.invokeMethod(TestInvoker.java:677)
at org.testng.internal.invokers.TestInvoker.invokeTestMethod(TestInvoker.java:221)
at org.testng.internal.invokers.MethodRunner.runInSequence(MethodRunner.java:50)
at org.testng.internal.invokers.TestInvoker$MethodInvocationAgent.invoke(TestInvoker.java:969)
at org.testng.internal.invokers.TestInvoker.invokeTestMethods(TestInvoker.java:194)
at org.testng.internal.invokers.TestMethodWorker.invokeTestMethods(TestMethodWorker.java:148)
at org.testng.internal.invokers.TestMethodWorker.run(TestMethodWorker.java:128)
at java.base/java.util.ArrayList.forEach(ArrayList.java:1511)
at org.testng.TestRunner.privateRun(TestRunner.java:829)
at org.testng.TestRunner.run(TestRunner.java:602)
at org.testng.SuiteRunner.runTest(SuiteRunner.java:437)
at org.testng.SuiteRunner.runSequentially(SuiteRunner.java:431)
at org.testng.SuiteRunner.privateRun(SuiteRunner.java:391)
at org.testng.SuiteRunner.run(SuiteRunner.java:330)
at org.testng.SuiteRunnerWorker.runSuite(SuiteRunnerWorker.java:52)
at org.testng.SuiteRunnerWorker.run(SuiteRunnerWorker.java:95)
at org.testng.TestNG.runSuitesSequentially(TestNG.java:1256)
at org.testng.TestNG.runSuitesLocally(TestNG.java:1176)
at org.testng.TestNG.runSuites(TestNG.java:1099)
at org.testng.TestNG.run(TestNG.java:1067)
at org.testng.remote.AbstractRemoteTestNG.run(AbstractRemoteTestNG.java:115)
at org.testng.remote.RemoteTestNG.initAndRun(RemoteTestNG.java:251)
at org.testng.remote.RemoteTestNG.main(RemoteTestNG.java:77)
]]>
            </full-stacktrace>
          </exception> <!-- java.lang.IllegalStateException -->
          <reporter-output>
          </reporter-output>
        </test-method> <!-- validateValueEntredInAddProductPopUpIsSaved -->
        <test-method is-config="true" signature="prerun()[pri:0, instance:com.test.ProductPageTest@73a1e9a9]" started-at="2023-05-15T18:15:30 IST" name="prerun" finished-at="2023-05-15T18:15:32 IST" duration-ms="1457" status="PASS">
          <reporter-output>
          </reporter-output>
        </test-method> <!-- prerun -->
        <test-method signature="validateEditFunctionOfExistingRecord()[pri:4, instance:com.test.ProductPageTest@73a1e9a9]" started-at="2023-05-15T18:15:32 IST" name="validateEditFunctionOfExistingRecord" finished-at="2023-05-15T18:15:32 IST" duration-ms="111" status="FAIL">
          <exception class="java.lang.IllegalStateException">
            <message>
              <![CDATA[Cannot get a STRING value from a NUMERIC cell]]>
            </message>
            <full-stacktrace>
              <![CDATA[java.lang.IllegalStateException: Cannot get a STRING value from a NUMERIC cell
at org.apache.poi.xssf.usermodel.XSSFCell.typeMismatch(XSSFCell.java:946)
at org.apache.poi.xssf.usermodel.XSSFCell.getRichStringCellValue(XSSFCell.java:336)
at org.apache.poi.xssf.usermodel.XSSFCell.getStringCellValue(XSSFCell.java:280)
at com.utils.ExcelUtils.readStringData(ExcelUtils.java:71)
at com.test.ProductPageTest.validateEditFunctionOfExistingRecord(ProductPageTest.java:138)
at java.base/jdk.internal.reflect.NativeMethodAccessorImpl.invoke0(Native Method)
at java.base/jdk.internal.reflect.NativeMethodAccessorImpl.invoke(NativeMethodAccessorImpl.java:77)
at java.base/jdk.internal.reflect.DelegatingMethodAccessorImpl.invoke(DelegatingMethodAccessorImpl.java:43)
at java.base/java.lang.reflect.Method.invoke(Method.java:568)
at org.testng.internal.invokers.MethodInvocationHelper.invokeMethod(MethodInvocationHelper.java:139)
at org.testng.internal.invokers.TestInvoker.invokeMethod(TestInvoker.java:677)
at org.testng.internal.invokers.TestInvoker.invokeTestMethod(TestInvoker.java:221)
at org.testng.internal.invokers.MethodRunner.runInSequence(MethodRunner.java:50)
at org.testng.internal.invokers.TestInvoker$MethodInvocationAgent.invoke(TestInvoker.java:969)
at org.testng.internal.invokers.TestInvoker.invokeTestMethods(TestInvoker.java:194)
at org.testng.internal.invokers.TestMethodWorker.invokeTestMethods(TestMethodWorker.java:148)
at org.testng.internal.invokers.TestMethodWorker.run(TestMethodWorker.java:128)
at java.base/java.util.ArrayList.forEach(ArrayList.java:1511)
at org.testng.TestRunner.privateRun(TestRunner.java:829)
at org.testng.TestRunner.run(TestRunner.java:602)
at org.testng.SuiteRunner.runTest(SuiteRunner.java:437)
at org.testng.SuiteRunner.runSequentially(SuiteRunner.java:431)
at org.testng.SuiteRunner.privateRun(SuiteRunner.java:391)
at org.testng.SuiteRunner.run(SuiteRunner.java:330)
at org.testng.SuiteRunnerWorker.runSuite(SuiteRunnerWorker.java:52)
at org.testng.SuiteRunnerWorker.run(SuiteRunnerWorker.java:95)
at org.testng.TestNG.runSuitesSequentially(TestNG.java:1256)
at org.testng.TestNG.runSuitesLocally(TestNG.java:1176)
at org.testng.TestNG.runSuites(TestNG.java:1099)
at org.testng.TestNG.run(TestNG.java:1067)
at org.testng.remote.AbstractRemoteTestNG.run(AbstractRemoteTestNG.java:115)
at org.testng.remote.RemoteTestNG.initAndRun(RemoteTestNG.java:251)
at org.testng.remote.RemoteTestNG.main(RemoteTestNG.java:77)
]]>
            </full-stacktrace>
          </exception> <!-- java.lang.IllegalStateException -->
          <reporter-output>
          </reporter-output>
        </test-method> <!-- validateEditFunctionOfExistingRecord -->
        <test-method is-config="true" signature="prerun()[pri:0, instance:com.test.ProductPageTest@73a1e9a9]" started-at="2023-05-15T18:15:32 IST" name="prerun" finished-at="2023-05-15T18:15:33 IST" duration-ms="1169" status="PASS">
          <reporter-output>
          </reporter-output>
        </test-method> <!-- prerun -->
        <test-method signature="validateDeleteFunctiongOfExistingRecord()[pri:5, instance:com.test.ProductPageTest@73a1e9a9]" started-at="2023-05-15T18:15:33 IST" name="validateDeleteFunctiongOfExistingRecord" finished-at="2023-05-15T18:15:33 IST" duration-ms="56" status="FAIL">
          <exception class="java.lang.IllegalStateException">
            <message>
              <![CDATA[Cannot get a STRING value from a NUMERIC cell]]>
            </message>
            <full-stacktrace>
              <![CDATA[java.lang.IllegalStateException: Cannot get a STRING value from a NUMERIC cell
at org.apache.poi.xssf.usermodel.XSSFCell.typeMismatch(XSSFCell.java:946)
at org.apache.poi.xssf.usermodel.XSSFCell.getRichStringCellValue(XSSFCell.java:336)
at org.apache.poi.xssf.usermodel.XSSFCell.getStringCellValue(XSSFCell.java:280)
at com.utils.ExcelUtils.readStringData(ExcelUtils.java:71)
at com.test.ProductPageTest.validateDeleteFunctiongOfExistingRecord(ProductPageTest.java:166)
at java.base/jdk.internal.reflect.NativeMethodAccessorImpl.invoke0(Native Method)
at java.base/jdk.internal.reflect.NativeMethodAccessorImpl.invoke(NativeMethodAccessorImpl.java:77)
at java.base/jdk.internal.reflect.DelegatingMethodAccessorImpl.invoke(DelegatingMethodAccessorImpl.java:43)
at java.base/java.lang.reflect.Method.invoke(Method.java:568)
at org.testng.internal.invokers.MethodInvocationHelper.invokeMethod(MethodInvocationHelper.java:139)
at org.testng.internal.invokers.TestInvoker.invokeMethod(TestInvoker.java:677)
at org.testng.internal.invokers.TestInvoker.invokeTestMethod(TestInvoker.java:221)
at org.testng.internal.invokers.MethodRunner.runInSequence(MethodRunner.java:50)
at org.testng.internal.invokers.TestInvoker$MethodInvocationAgent.invoke(TestInvoker.java:969)
at org.testng.internal.invokers.TestInvoker.invokeTestMethods(TestInvoker.java:194)
at org.testng.internal.invokers.TestMethodWorker.invokeTestMethods(TestMethodWorker.java:148)
at org.testng.internal.invokers.TestMethodWorker.run(TestMethodWorker.java:128)
at java.base/java.util.ArrayList.forEach(ArrayList.java:1511)
at org.testng.TestRunner.privateRun(TestRunner.java:829)
at org.testng.TestRunner.run(TestRunner.java:602)
at org.testng.SuiteRunner.runTest(SuiteRunner.java:437)
at org.testng.SuiteRunner.runSequentially(SuiteRunner.java:431)
at org.testng.SuiteRunner.privateRun(SuiteRunner.java:391)
at org.testng.SuiteRunner.run(SuiteRunner.java:330)
at org.testng.SuiteRunnerWorker.runSuite(SuiteRunnerWorker.java:52)
at org.testng.SuiteRunnerWorker.run(SuiteRunnerWorker.java:95)
at org.testng.TestNG.runSuitesSequentially(TestNG.java:1256)
at org.testng.TestNG.runSuitesLocally(TestNG.java:1176)
at org.testng.TestNG.runSuites(TestNG.java:1099)
at org.testng.TestNG.run(TestNG.java:1067)
at org.testng.remote.AbstractRemoteTestNG.run(AbstractRemoteTestNG.java:115)
at org.testng.remote.RemoteTestNG.initAndRun(RemoteTestNG.java:251)
at org.testng.remote.RemoteTestNG.main(RemoteTestNG.java:77)
]]>
            </full-stacktrace>
          </exception> <!-- java.lang.IllegalStateException -->
          <reporter-output>
          </reporter-output>
        </test-method> <!-- validateDeleteFunctiongOfExistingRecord -->
      </class> <!-- com.test.ProductPageTest -->
      <class name="com.test.LoginPageTest">
        <test-method is-config="true" signature="preLaunch(java.lang.String)[pri:0, instance:com.test.LoginPageTest@55141def]" started-at="2023-05-15T18:13:55 IST" name="preLaunch" finished-at="2023-05-15T18:15:00 IST" duration-ms="64335" status="PASS">
          <params>
            <param index="0">
              <value>
                <![CDATA[Chrome]]>
              </value>
            </param>
          </params>
          <reporter-output>
          </reporter-output>
        </test-method> <!-- preLaunch -->
        <test-method signature="validateLogin()[pri:0, instance:com.test.LoginPageTest@55141def]" started-at="2023-05-15T18:15:00 IST" name="validateLogin" finished-at="2023-05-15T18:15:05 IST" duration-ms="5231" status="PASS">
          <reporter-output>
          </reporter-output>
        </test-method> <!-- validateLogin -->
      </class> <!-- com.test.LoginPageTest -->
    </test> <!-- ChromeTest -->
  </suite> <!-- Suite -->
</testng-results>
