<?xml version="1.0" encoding="UTF-8"?>
<!-- Generated by org.testng.reporters.JUnitXMLReporter -->
<testsuite ignored="4" hostname="LAPTOP-SJQUN0GA" failures="0" tests="7" name="ChromeTest" time="67.57" errors="0" timestamp="2023-05-04T20:59:57 IST">
  <testcase classname="com.base.AutomationBase" name="@BeforeTest preRun" time="67.098">
    <failure type="java.lang.Exception" message="java.lang.NullPointerException: Cannot invoke &amp;quot;com.utils.WebBrowserUtils.maximizeWebPageSize(org.openqa.selenium.WebDriver)&amp;quot; because &amp;quot;this.webbrowser&amp;quot; is null">
      <![CDATA[java.lang.Exception: java.lang.NullPointerException: Cannot invoke "com.utils.WebBrowserUtils.maximizeWebPageSize(org.openqa.selenium.WebDriver)" because "this.webbrowser" is null
at com.base.AutomationBase.launchChromeBrowser(AutomationBase.java:73)
at com.base.AutomationBase.launchBrowser(AutomationBase.java:44)
at com.base.AutomationBase.preRun(AutomationBase.java:32)
Caused by: java.lang.NullPointerException: Cannot invoke "com.utils.WebBrowserUtils.maximizeWebPageSize(org.openqa.selenium.WebDriver)" because "this.webbrowser" is null
at com.base.AutomationBase.launchChromeBrowser(AutomationBase.java:71)
... 26 more
... Removed 24 stack frames]]>
    </failure>
  </testcase> <!-- @BeforeTest preRun -->
  <testcase classname="com.test.HomePageTest" name="@BeforeMethod prerun" time="0.0">
    <skipped/>
  </testcase> <!-- @BeforeMethod prerun -->
  <testcase classname="com.test.ProductPageTest" name="@BeforeMethod prerun" time="0.0">
    <skipped/>
  </testcase> <!-- @BeforeMethod prerun -->
  <testcase classname="com.test.ProductPageTest" name="@BeforeMethod prerun" time="0.0">
    <skipped/>
  </testcase> <!-- @BeforeMethod prerun -->
  <testcase classname="com.test.ProductPageTest" name="@BeforeMethod prerun" time="0.0">
    <skipped/>
  </testcase> <!-- @BeforeMethod prerun -->
  <testcase classname="com.test.ProductPageTest" name="@BeforeMethod prerun" time="0.0">
    <skipped/>
  </testcase> <!-- @BeforeMethod prerun -->
  <testcase classname="com.test.ProductPageTest" name="@BeforeMethod prerun" time="0.0">
    <skipped/>
  </testcase> <!-- @BeforeMethod prerun -->
  <testcase classname="com.base.AutomationBase" name="@AfterTest quitBrowser" time="0.0">
    <skipped/>
  </testcase> <!-- @AfterTest quitBrowser -->
  <testcase classname="com.test.LoginPageTest" name="validateLogin" time="0.0">
    <skipped/>
  </testcase> <!-- validateLogin -->
  <testcase classname="com.test.HomePageTest" name="validateMenuLinksDisplayedInHomePage" time="0.0">
    <skipped/>
  </testcase> <!-- validateMenuLinksDisplayedInHomePage -->
  <testcase classname="com.test.ProductPageTest" name="validateTheElementInAddProductPopup" time="0.001">
    <skipped/>
  </testcase> <!-- validateTheElementInAddProductPopup -->
  <testcase classname="com.test.ProductPageTest" name="validatenAddStoresPopUpfields" time="0.001">
    <skipped/>
  </testcase> <!-- validatenAddStoresPopUpfields -->
  <testcase classname="com.test.ProductPageTest" name="validateValueEntredInAddProductPopUpIsSaved" time="0.001">
    <skipped/>
  </testcase> <!-- validateValueEntredInAddProductPopUpIsSaved -->
  <testcase classname="com.test.ProductPageTest" name="validateEditFunctionOfExistingRecord" time="0.0">
    <skipped/>
  </testcase> <!-- validateEditFunctionOfExistingRecord -->
  <testcase classname="com.test.ProductPageTest" name="validateDeleteFunctiongOfExistingRecord" time="0.0">
    <skipped/>
  </testcase> <!-- validateDeleteFunctiongOfExistingRecord -->
  <testcase classname="com.base.AutomationBase" name="@BeforeTest preRun" time="0.0">
    <ignored/>
  </testcase> <!-- @BeforeTest preRun -->
  <testcase classname="com.base.AutomationBase" name="@AfterTest quitBrowser" time="0.0">
    <ignored/>
  </testcase> <!-- @AfterTest quitBrowser -->
  <testcase classname="com.base.AutomationBase" name="@BeforeTest preRun" time="0.0">
    <ignored/>
  </testcase> <!-- @BeforeTest preRun -->
  <testcase classname="com.base.AutomationBase" name="@AfterTest quitBrowser" time="0.0">
    <ignored/>
  </testcase> <!-- @AfterTest quitBrowser -->
</testsuite> <!-- ChromeTest -->
