<?xml version="1.0" encoding="UTF-8"?>
<!-- Generated by org.testng.reporters.JUnitXMLReporter -->
<testsuite ignored="1" hostname="LAPTOP-SJQUN0GA" failures="4" tests="6" name="ChromeTest" time="97.961" errors="0" timestamp="2023-05-15T18:15:33 IST">
  <testcase classname="com.test.LoginPageTest" name="validateLogin" time="5.231"/>
  <testcase classname="com.test.ProductPageTest" name="validateTheElementInAddProductPopup" time="1.542"/>
  <testcase classname="com.test.ProductPageTest" name="validatenAddStoresPopUpfields" time="4.374">
    <failure type="java.lang.AssertionError" message="The following asserts failed:
	failure message: no validation check for add Product attribute was found expected [111] but found [000203420342034],
	failure message: no validation check for add Product attribute was found expected [maggi] but found [233nokianokianokia],
	failure message: no validation check for add Product attribute was found expected [abc] but found [21],
	failure message: no validation check for add Product attribute was found expected [abc] but found [233.000 abc1234569]">
      <![CDATA[java.lang.AssertionError: The following asserts failed:
failure message: no validation check for add Product attribute was found expected [111] but found [000203420342034],
failure message: no validation check for add Product attribute was found expected [maggi] but found [233nokianokianokia],
failure message: no validation check for add Product attribute was found expected [abc] but found [21],
failure message: no validation check for add Product attribute was found expected [abc] but found [233.000 abc1234569]
at com.test.ProductPageTest.validatenAddStoresPopUpfields(ProductPageTest.java:88)
at java.base/java.util.ArrayList.forEach(ArrayList.java:1511)
... Removed 29 stack frames]]>
    </failure>
  </testcase> <!-- validatenAddStoresPopUpfields -->
  <testcase classname="com.test.ProductPageTest" name="validateValueEntredInAddProductPopUpIsSaved" time="10.368">
    <failure type="java.lang.IllegalStateException" message="Cannot get a STRING value from a NUMERIC cell">
      <![CDATA[java.lang.IllegalStateException: Cannot get a STRING value from a NUMERIC cell
at org.apache.poi.xssf.usermodel.XSSFCell.typeMismatch(XSSFCell.java:946)
at org.apache.poi.xssf.usermodel.XSSFCell.getRichStringCellValue(XSSFCell.java:336)
at org.apache.poi.xssf.usermodel.XSSFCell.getStringCellValue(XSSFCell.java:280)
at com.utils.ExcelUtils.readStringData(ExcelUtils.java:71)
at com.test.ProductPageTest.validateValueEntredInAddProductPopUpIsSaved(ProductPageTest.java:101)
at java.base/java.util.ArrayList.forEach(ArrayList.java:1511)
... Removed 27 stack frames]]>
    </failure>
  </testcase> <!-- validateValueEntredInAddProductPopUpIsSaved -->
  <testcase classname="com.test.ProductPageTest" name="validateEditFunctionOfExistingRecord" time="0.111">
    <failure type="java.lang.IllegalStateException" message="Cannot get a STRING value from a NUMERIC cell">
      <![CDATA[java.lang.IllegalStateException: Cannot get a STRING value from a NUMERIC cell
at org.apache.poi.xssf.usermodel.XSSFCell.typeMismatch(XSSFCell.java:946)
at org.apache.poi.xssf.usermodel.XSSFCell.getRichStringCellValue(XSSFCell.java:336)
at org.apache.poi.xssf.usermodel.XSSFCell.getStringCellValue(XSSFCell.java:280)
at com.utils.ExcelUtils.readStringData(ExcelUtils.java:71)
at com.test.ProductPageTest.validateEditFunctionOfExistingRecord(ProductPageTest.java:138)
at java.base/java.util.ArrayList.forEach(ArrayList.java:1511)
... Removed 27 stack frames]]>
    </failure>
  </testcase> <!-- validateEditFunctionOfExistingRecord -->
  <testcase classname="com.test.ProductPageTest" name="validateDeleteFunctiongOfExistingRecord" time="0.056">
    <failure type="java.lang.IllegalStateException" message="Cannot get a STRING value from a NUMERIC cell">
      <![CDATA[java.lang.IllegalStateException: Cannot get a STRING value from a NUMERIC cell
at org.apache.poi.xssf.usermodel.XSSFCell.typeMismatch(XSSFCell.java:946)
at org.apache.poi.xssf.usermodel.XSSFCell.getRichStringCellValue(XSSFCell.java:336)
at org.apache.poi.xssf.usermodel.XSSFCell.getStringCellValue(XSSFCell.java:280)
at com.utils.ExcelUtils.readStringData(ExcelUtils.java:71)
at com.test.ProductPageTest.validateDeleteFunctiongOfExistingRecord(ProductPageTest.java:166)
at java.base/java.util.ArrayList.forEach(ArrayList.java:1511)
... Removed 27 stack frames]]>
    </failure>
  </testcase> <!-- validateDeleteFunctiongOfExistingRecord -->
  <testcase classname="com.base.AutomationBase" name="@BeforeTest preLaunch" time="0.0">
    <ignored/>
  </testcase> <!-- @BeforeTest preLaunch -->
</testsuite> <!-- ChromeTest -->
