<?xml version="1.0" encoding="UTF-8"?>
<!-- Generated by org.testng.reporters.JUnitXMLReporter -->
<testsuite ignored="0" hostname="DESKTOP-UJ2963A" failures="2" tests="10" name="Test" time="0.862" errors="0" timestamp="2023-05-30T01:30:13 GMT-07:00">
  <testcase classname="com.base.AutomationBase" name="@BeforeGroups grouping" time="-1.685435412423E9">
    <failure type="org.testng.TestNGException" message="
Parameter &amp;apos;browserName&amp;apos; is required by BeforeGroups on method grouping but has not been marked @Optional or defined
in C:\Users\user\git\obsquareSeliniumRepo\Framework\group.xml">
      <![CDATA[org.testng.TestNGException: 
Parameter 'browserName' is required by BeforeGroups on method grouping but has not been marked @Optional or defined
in C:\Users\user\git\obsquareSeliniumRepo\Framework\group.xml
at java.base/java.util.concurrent.ThreadPoolExecutor.runWorker(ThreadPoolExecutor.java:1128)
at java.base/java.util.concurrent.ThreadPoolExecutor$Worker.run(ThreadPoolExecutor.java:628)
at java.base/java.lang.Thread.run(Thread.java:834)
... Removed 13 stack frames]]>
    </failure>
  </testcase> <!-- @BeforeGroups grouping -->
  <testcase classname="com.test.PeopleCustomerPageTest" name="validateAddCustomerPopUpfields" time="0.001">
    <skipped/>
  </testcase> <!-- validateAddCustomerPopUpfields -->
  <testcase classname="com.test.PeopleWaiterPageTest" name="validateValueEntredInAddWaiterPopUpIsSaved" time="0.001">
    <skipped/>
  </testcase> <!-- validateValueEntredInAddWaiterPopUpIsSaved -->
  <testcase classname="com.test.PeopleWaiterPageTest" name="validateTheElementInAddWaiterPopup" time="0.002">
    <skipped/>
  </testcase> <!-- validateTheElementInAddWaiterPopup -->
  <testcase classname="com.test.PeopleWaiterPageTest" name="validateEditFunctionOfExistingRecord" time="0.0">
    <skipped/>
  </testcase> <!-- validateEditFunctionOfExistingRecord -->
  <testcase classname="com.test.PeopleWaiterPageTest" name="validateDeleteFunctiongOfExistingRecord" time="0.0">
    <skipped/>
  </testcase> <!-- validateDeleteFunctiongOfExistingRecord -->
  <testcase classname="com.test.PeopleCustomerPageTest" name="validateDeleteFunctiongOfExistingRecord" time="0.001">
    <skipped/>
  </testcase> <!-- validateDeleteFunctiongOfExistingRecord -->
  <testcase classname="com.test.PeopleCustomerPageTest" name="validateValueEntredInAddWaiterPopUpIsSaved" time="0.0">
    <skipped/>
  </testcase> <!-- validateValueEntredInAddWaiterPopUpIsSaved -->
  <testcase classname="com.test.PeopleCustomerPageTest" name="validateTheElementInAddCustomerPopup" time="0.389"/>
  <testcase classname="com.test.PeopleWaiterPageTest" name="validatenAddWaiterPopUpfields" time="0.59">
    <failure type="org.apache.poi.openxml4j.exceptions.NotOfficeXmlFileException" message="No valid entries or contents found, this is not a valid OOXML (Office Open XML) file">
      <![CDATA[org.apache.poi.openxml4j.exceptions.NotOfficeXmlFileException: No valid entries or contents found, this is not a valid OOXML (Office Open XML) file
at org.apache.poi.openxml4j.util.ZipArchiveThresholdInputStream.getNextEntry(ZipArchiveThresholdInputStream.java:156)
at org.apache.poi.openxml4j.util.ZipInputStreamZipEntrySource.<init>(ZipInputStreamZipEntrySource.java:94)
at org.apache.poi.openxml4j.opc.ZipPackage.<init>(ZipPackage.java:132)
at org.apache.poi.openxml4j.opc.OPCPackage.open(OPCPackage.java:319)
at org.apache.poi.ooxml.util.PackageHelper.open(PackageHelper.java:59)
at org.apache.poi.xssf.usermodel.XSSFWorkbook.<init>(XSSFWorkbook.java:290)
at org.apache.poi.xssf.usermodel.XSSFWorkbook.<init>(XSSFWorkbook.java:286)
at com.utils.ExcelUtils.readStringData(ExcelUtils.java:64)
at com.test.PeopleWaiterPageTest.validatenAddWaiterPopUpfields(PeopleWaiterPageTest.java:62)
at java.base/java.util.concurrent.ThreadPoolExecutor.runWorker(ThreadPoolExecutor.java:1128)
at java.base/java.util.concurrent.ThreadPoolExecutor$Worker.run(ThreadPoolExecutor.java:628)
at java.base/java.lang.Thread.run(Thread.java:834)
Caused by: java.util.zip.ZipException: Unexpected record signature: 0X9E740B85
at org.apache.commons.compress.archivers.zip.ZipArchiveInputStream.getNextZipEntry(ZipArchiveInputStream.java:296)
at org.apache.poi.openxml4j.util.ZipArchiveThresholdInputStream.getNextEntry(ZipArchiveThresholdInputStream.java:152)
... 23 more
... Removed 12 stack frames]]>
    </failure>
  </testcase> <!-- validatenAddWaiterPopUpfields -->
  <testcase classname="com.test.PeopleCustomerPageTest" name="modifyTheExistingRecordOfStores" time="0.624">
    <failure type="java.lang.RuntimeException" message="Error during reading file">
      <![CDATA[java.lang.RuntimeException: Error during reading file
at com.utils.ExcelUtils.readStringData(ExcelUtils.java:66)
at com.test.PeopleCustomerPageTest.modifyTheExistingRecordOfStores(PeopleCustomerPageTest.java:133)
at java.base/java.util.concurrent.ThreadPoolExecutor.runWorker(ThreadPoolExecutor.java:1128)
at java.base/java.util.concurrent.ThreadPoolExecutor$Worker.run(ThreadPoolExecutor.java:628)
at java.base/java.lang.Thread.run(Thread.java:834)
... Removed 12 stack frames]]>
    </failure>
  </testcase> <!-- modifyTheExistingRecordOfStores -->
</testsuite> <!-- Test -->
